<?xml version="1.0" encoding="UTF-8"?>
<coverage generated="1739307917072" clover="3.2.0">
  <project timestamp="1739307917072" name="All files">
    <metrics statements="9" coveredstatements="9" conditionals="4" coveredconditionals="4" methods="5" coveredmethods="5" elements="18" coveredelements="18" complexity="0" loc="9" ncloc="9" packages="2" files="4" classes="4"/>
    <package name="components">
      <metrics statements="4" coveredstatements="4" conditionals="4" coveredconditionals="4" methods="3" coveredmethods="3"/>
      <file name="PokemonCard.vue" path="/home/ingrids/Área de trabalho/pokedex/pokedex/src/components/PokemonCard.vue">
        <metrics statements="2" coveredstatements="2" conditionals="0" coveredconditionals="0" methods="1" coveredmethods="1"/>
        <line num="1" count="16" type="stmt"/>
        <line num="13" count="2" type="stmt"/>
      </file>
      <file name="PokemonDetails.vue" path="/home/ingrids/Área de trabalho/pokedex/pokedex/src/components/PokemonDetails.vue">
        <metrics statements="1" coveredstatements="1" conditionals="2" coveredconditionals="2" methods="1" coveredmethods="1"/>
        <line num="1" count="34" type="cond" truecount="2" falsecount="0"/>
      </file>
      <file name="PokemonList.vue" path="/home/ingrids/Área de trabalho/pokedex/pokedex/src/components/PokemonList.vue">
        <metrics statements="1" coveredstatements="1" conditionals="2" coveredconditionals="2" methods="1" coveredmethods="1"/>
        <line num="1" count="52" type="cond" truecount="2" falsecount="0"/>
      </file>
    </package>
    <package name="services">
      <metrics statements="5" coveredstatements="5" conditionals="0" coveredconditionals="0" methods="2" coveredmethods="2"/>
      <file name="pokeService.js" path="/home/ingrids/Área de trabalho/pokedex/pokedex/src/services/pokeService.js">
        <metrics statements="5" coveredstatements="5" conditionals="0" coveredconditionals="0" methods="2" coveredmethods="2"/>
        <line num="3" count="3" type="stmt"/>
        <line num="6" count="2" type="stmt"/>
        <line num="7" count="1" type="stmt"/>
        <line num="11" count="2" type="stmt"/>
        <line num="12" count="1" type="stmt"/>
      </file>
    </package>
  </project>
</coverage>
