{"/home/ingrids/Área de trabalho/pokedex/pokedex/src/components/PokemonCard.vue": {"path":"/home/ingrids/Área de trabalho/pokedex/pokedex/src/components/PokemonCard.vue","statementMap":{"0":{"start":{"line":13,"column":0},"end":{"line":21,"column":null}},"1":{"start":{"line":1,"column":0},"end":{"line":1,"column":null}}},"fnMap":{"0":{"name":"(anonymous_0)","decl":{"start":{"line":1,"column":0},"end":{"line":1,"column":null}},"loc":{"start":{"line":1,"column":0},"end":{"line":1,"column":null}}}},"branchMap":{},"s":{"0":2,"1":16},"f":{"0":4},"b":{}}
,"/home/ingrids/Área de trabalho/pokedex/pokedex/src/components/PokemonDetails.vue": {"path":"/home/ingrids/Área de trabalho/pokedex/pokedex/src/components/PokemonDetails.vue","statementMap":{"0":{"start":{"line":1,"column":0},"end":{"line":1,"column":null}}},"fnMap":{"0":{"name":"(anonymous_0)","decl":{"start":{"line":1,"column":0},"end":{"line":1,"column":null}},"loc":{"start":{"line":1,"column":0},"end":{"line":1,"column":null}}}},"branchMap":{"0":{"loc":{"start":{"line":1,"column":0},"end":{"line":1,"column":null}},"type":"cond-expr","locations":[{"start":{"line":1,"column":0},"end":{"line":1,"column":null}},{"start":{"line":1,"column":0},"end":{"line":1,"column":null}}]}},"s":{"0":34},"f":{"0":14},"b":{"0":[3,4]}}
,"/home/ingrids/Área de trabalho/pokedex/pokedex/src/components/PokemonList.vue": {"path":"/home/ingrids/Área de trabalho/pokedex/pokedex/src/components/PokemonList.vue","statementMap":{"0":{"start":{"line":1,"column":0},"end":{"line":1,"column":null}}},"fnMap":{"0":{"name":"(anonymous_0)","decl":{"start":{"line":1,"column":0},"end":{"line":1,"column":null}},"loc":{"start":{"line":1,"column":0},"end":{"line":1,"column":null}}}},"branchMap":{"0":{"loc":{"start":{"line":1,"column":0},"end":{"line":1,"column":null}},"type":"cond-expr","locations":[{"start":{"line":1,"column":0},"end":{"line":1,"column":null}},{"start":{"line":1,"column":0},"end":{"line":1,"column":null}}]}},"s":{"0":52},"f":{"0":27},"b":{"0":[2,9]}}
,"/home/ingrids/Área de trabalho/pokedex/pokedex/src/services/pokeService.js": {"path":"/home/ingrids/Área de trabalho/pokedex/pokedex/src/services/pokeService.js","statementMap":{"0":{"start":{"line":3,"column":16},"end":{"line":3,"column":39}},"1":{"start":{"line":6,"column":21},"end":{"line":6,"column":58}},"2":{"start":{"line":7,"column":4},"end":{"line":7,"column":24}},"3":{"start":{"line":11,"column":21},"end":{"line":11,"column":66}},"4":{"start":{"line":12,"column":4},"end":{"line":12,"column":24}}},"fnMap":{"0":{"name":"getPokemonList","decl":{"start":{"line":5,"column":22},"end":{"line":5,"column":36}},"loc":{"start":{"line":5,"column":39},"end":{"line":8,"column":1}},"line":5},"1":{"name":"getPokemonDetails","decl":{"start":{"line":10,"column":22},"end":{"line":10,"column":39}},"loc":{"start":{"line":10,"column":46},"end":{"line":13,"column":1}},"line":10}},"branchMap":{},"s":{"0":3,"1":2,"2":1,"3":2,"4":1},"f":{"0":2,"1":2},"b":{},"_coverageSchema":"1a1c01bbd47fc00a2c39e90264f33305004495a9","hash":"b7ea8a651909fa5decc5f94e99959eca03ba6f33"}
}
