TN:
SF:src/components/PokemonCard.vue
FN:1,(anonymous_0)
FNF:1
FNH:1
FNDA:4,(anonymous_0)
DA:1,16
DA:13,2
LF:2
LH:2
BRF:0
BRH:0
end_of_record
TN:
SF:src/components/PokemonDetails.vue
FN:1,(anonymous_0)
FNF:1
FNH:1
FNDA:14,(anonymous_0)
DA:1,34
LF:1
LH:1
BRDA:1,0,0,3
BRDA:1,0,1,4
BRF:2
BRH:2
end_of_record
TN:
SF:src/components/PokemonList.vue
FN:1,(anonymous_0)
FNF:1
FNH:1
FNDA:27,(anonymous_0)
DA:1,52
LF:1
LH:1
BRDA:1,0,0,2
BRDA:1,0,1,9
BRF:2
BRH:2
end_of_record
TN:
SF:src/services/pokeService.js
FN:5,getPokemonList
FN:10,getPokemonDetails
FNF:2
FNH:2
FNDA:2,getPokemonList
FNDA:2,getPokemonDetails
DA:3,3
DA:6,2
DA:7,1
DA:11,2
DA:12,1
LF:5
LH:5
BRF:0
BRH:0
end_of_record
